OK	e30e9add-6d69-4c89-bd83-51d578c7e97d	13MWZ-Men-27-34	ANTIQUE_WS	27x34	UPC=760609585789	CUSTOM=M-Kon-1013MWZAW-27-34
ERROR	1ad169e7-ac1d-46d6-a6fe-8f914bb49584	10101	{'error': 'Product codes must be unique.', 'fields': {'duplicate_product_codes': '051071393256,M-Kon-1013MWZXS-50-34', 'existing_code_CUSTOM': 'M-Kon-1013MWZXS-50-34 already exists.', 'existing_code_C
ERROR	1a829aec-b128-4988-897c-0e18fb3ceef7	10104	{'error': 'Product codes must be unique.', 'fields': {'duplicate_product_codes': 'M-KON-1013MWZXS-50-32', 'existing_code_CUSTOM': 'M-KON-1013MWZXS-50-32 already exists.', 'existing_code_CUSTOM_id': 'b
ERROR	3762c216-32e9-461e-a041-c1d29aab8b71	10107	{'error': 'Product codes must be unique.', 'fields': {'duplicate_product_codes': '051071393270,M-Kon-1013MWZXS-52-34', 'existing_code_CUSTOM': 'M-Kon-1013MWZXS-52-34 already exists.', 'existing_code_C
ERROR	5e8445ac-af88-40b0-bcea-0b80157c61a7	10110	{'error': 'Product codes must be unique.', 'fields': {'duplicate_product_codes': '051071393263,M-KON-1013MWZXS-52-32', 'existing_code_CUSTOM': 'M-KON-1013MWZXS-52-32 already exists.', 'existing_code_C
ERROR	8ed9f6f9-6770-4fa2-947e-d75e57c1120d	10114	{'error': 'Product codes must be unique.', 'fields': {'duplicate_product_codes': '051071393294,M-Kon-1013MWZXS-54-34', 'existing_code_CUSTOM': 'M-Kon-1013MWZXS-54-34 already exists.', 'existing_code_C
ERROR	06165b06-e132-4945-b39c-7e07e7a1d0c1	10117	{'error': 'Product codes must be unique.', 'fields': {'duplicate_product_codes': '051071393287,M-Kon-1013MWZXS-54-32', 'existing_code_CUSTOM': 'M-Kon-1013MWZXS-54-32 already exists.', 'existing_code_C
ERROR	ccd73b0b-034d-4617-8d54-62a789c2a138	10190	{'error': 'Product codes must be unique.', 'fields': {'duplicate_product_codes': 'M-KON-1013MWZXS-48-32', 'existing_code_CUSTOM': 'M-KON-1013MWZXS-48-32 already exists.', 'existing_code_CUSTOM_id': '7
ERROR	5e66d8ed-713e-42e0-90e9-db0a9c8e8012	10201	{'error': 'Product codes must be unique.', 'fields': {'duplicate_product_codes': '051071393232,M-Kon-1013MWZXS-48-34', 'existing_code_CUSTOM': 'M-Kon-1013MWZXS-48-34 already exists.', 'existing_code_C
ERROR	f3d4fe6c-a284-4b6e-bc84-332d7cecdb7a	10211	{'error': 'Product codes must be unique.', 'fields': {'duplicate_product_codes': '051071611855,M-Kon-1013MWZXS-38-40', 'existing_code_CUSTOM': 'M-Kon-1013MWZXS-38-40 already exists.', 'existing_code_C
ERROR	18beff45-faaf-4e0a-beab-5b6d9e2f4f66	13MWZ-Men-27-32	{'error': 'Product codes must be unique.', 'fields': {'duplicate_product_codes': '051071266499,M-Kon-1013MWZCG-27-32', 'existing_code_CUSTOM': 'M-Kon-1013MWZCG-27-32 already exists.', 'existing_code_C
OK	9be1bb1c-49f9-40c9-a3c7-19303cbe8fe3	13MWZ-Men-27-36	ANTIQUE_WS	27x36	UPC=760609585796	CUSTOM=M-Kon-1013MWZAW-27-36
OK	2cffa6e3-3987-42f6-b46f-e99ca538c79d	13MWZ-Men-28-30	ANTIQUE_WS	28x30	UPC=672787249691	CUSTOM=M-Kon-1013MWZAW-28-30
OK	7eb8305a-3d21-41a6-858c-96d67bd9ca37	13MWZ-Men-28-32	ANTIQUE_WS	28x32	UPC=760609585802	CUSTOM=M-Kon-1013MWZAW-28-32
OK	c015f362-d26c-41d2-a924-39bd76162ab4	13MWZ-Men-28-34	ANTIQUE_WS	28x34	UPC=760609585819	CUSTOM=M-Kon-1013MWZAW-28-34
OK	5d2c111c-4f1a-4248-9533-c5a4c088d889	13MWZ-Men-28-36	ANTIQUE_WS	28x36	UPC=760609585826	CUSTOM=M-Kon-1013MWZAW-28-36
OK	7c1d1d54-7653-46ef-8118-b5e5d8e684f9	13MWZ-Men-29-30	ANTIQUE_WS	29x30	UPC=760609639949	CUSTOM=M-Kon-1013MWZAW-29-30
OK	4e5b89ab-7678-4029-b466-cdb758112f7a	13MWZ-Men-29-32	ANTIQUE_WS	29x32	UPC=760609585833	CUSTOM=M-Kon-1013MWZAW-29-32
OK	93ed2933-4474-4a84-a81e-b3db1852adfd	13MWZ-Men-29-34	ANTIQUE_WS	29x34	UPC=760609585840	CUSTOM=M-Kon-1013MWZAW-29-34
OK	b710a2e4-fb4c-4f9b-b43e-be1e69d69ec5	13MWZ-Men-29-36	ANTIQUE_WS	29x36	UPC=760609585857	CUSTOM=M-Kon-1013MWZAW-29-36
OK	ad457473-8ee3-485f-be5f-58823f906c67	13MWZ-Men-29-38	ANTIQUE_WS	29x38	UPC=760609585864	CUSTOM=M-Kon-1013MWZAW-29-38
ERROR	f500be60-3770-4aa6-97de-54f4e031d349	13MWZ-Men-29-40	{'error': 'Product codes must be unique.', 'fields': {'duplicate_product_codes': '084084944702,M-Kon-1013MWZPW-29-40', 'existing_code_CUSTOM': 'M-Kon-1013MWZPW-29-40 already exists.', 'existing_code_C
ERROR	dbc82519-eb2e-4098-9493-aa6bf0e22e0a	13MWZ-Men-29-44	{'error': 'Product codes must be unique.', 'fields': {'duplicate_product_codes': '051071390736,M-Kon-1013MWZXS-29-44', 'existing_code_CUSTOM': 'M-Kon-1013MWZXS-29-44 already exists.', 'existing_code_C
OK	c8aec10c-7eb3-4f84-8ddd-01763d77a0bf	13MWZ-Men-30-30	ANTIQUE_WS	30x30	UPC=760609585871	CUSTOM=M-Kon-1013MWZAW-30-30
OK	42fb0953-0b6d-4886-a48a-e5c2e5b66cc8	13MWZ-Men-30-32	ANTIQUE_WS	30x32	UPC=760609585888	CUSTOM=M-Kon-1013MWZAW-30-32
OK	b33de32e-8f94-4e99-9465-2db91a719776	13MWZ-Men-30-34	ANTIQUE_WS	30x34	UPC=760609585895	CUSTOM=M-Kon-1013MWZAW-30-34
OK	f8f0b5bf-7676-4750-b9f1-fb59253e0608	13MWZ-Men-30-36	ANTIQUE_WS	30x36	UPC=760609585901	CUSTOM=M-Kon-1013MWZAW-30-36
OK	fecdcda7-09dd-4444-8f03-0fc6a7faf71b	13MWZ-Men-30-38	ANTIQUE_WS	30x38	UPC=760609585918	CUSTOM=M-Kon-1013MWZAW-30-38
OK	7ac63cca-a34c-4c5d-8cec-5aebcd390c7a	13MWZ-Men-30-40	SW_GLD_BKL	30x40	UPC=672787249479	CUSTOM=M-Kon-1013MWZGK-30-40
ERROR	5f4097ec-0e7a-4e87-a47b-c06e8155b9f5	13MWZ-Men-30-44	{'error': 'Product codes must be unique.', 'fields': {'duplicate_product_codes': '051071390743,M-Kon-1013MWZXS-30-44', 'existing_code_CUSTOM': 'M-Kon-1013MWZXS-30-44 already exists.', 'existing_code_C
OK	fd07d139-f8bc-4f3c-8718-c33180de86ab	13MWZ-Men-31-30	ANTIQUE_WS	31x30	UPC=760609585925	CUSTOM=M-Kon-1013MWZAW-31-30
OK	9ba50c44-e5c7-4cba-8a75-55d5c0310608	13MWZ-Men-31-32	ANTIQUE_WS	31x32	UPC=760609585932	CUSTOM=M-Kon-1013MWZAW-31-32
OK	c7a89c2e-62dd-499d-aa62-9fdfbbb9afc7	13MWZ-Men-31-34	ANTIQUE_WS	31x34	UPC=760609585949	CUSTOM=M-Kon-1013MWZAW-31-34
OK	c18b294b-5ea6-43b5-8df9-6ede69707e76	13MWZ-Men-31-36	ANTIQUE_WS	31x36	UPC=760609585956	CUSTOM=M-Kon-1013MWZAW-31-36
OK	a4e518ec-ad8e-4146-acdf-787d45e74ad6	13MWZ-Men-31-38	ANTIQUE_WS	31x38	UPC=760609585963	CUSTOM=M-Kon-1013MWZAW-31-38
ERROR	1532f491-b143-4fb7-91b5-3b8e729af1f9	13MWZ-Men-31-40	{'error': 'Product codes must be unique.', 'fields': {'duplicate_product_codes': '084084944726,M-Kon-1013MWZPW-31-40', 'existing_code_CUSTOM': 'M-Kon-1013MWZPW-31-40 already exists.', 'existing_code_C
ERROR	4ff8bb97-23e5-4f92-9a4a-90b2fc6218a3	13MWZ-Men-31-44	{'error': 'Product codes must be unique.', 'fields': {'duplicate_product_codes': '051071390750,M-Kon-1013MWZXS-31-44', 'existing_code_CUSTOM': 'M-Kon-1013MWZXS-31-44 already exists.', 'existing_code_C
OK	aab2cf15-2f34-4f78-9ead-d62a23a118b9	13MWZ-Men-32-30	ANTIQUE_WS	32x30	UPC=760609585970	CUSTOM=M-Kon-1013MWZAW-32-30
OK	a9b452f5-7aec-43fd-a5d1-55738755e162	13MWZ-Men-32-32	ANTIQUE_WS	32x32	UPC=760609585987	CUSTOM=M-Kon-1013MWZAW-32-32
OK	96accfa6-3942-4461-906d-c76d0a183aba	13MWZ-Men-32-34	ANTIQUE_WS	32x34	UPC=760609585994	CUSTOM=M-Kon-1013MWZAW-32-34
OK	11df7493-fe99-4a4a-8990-d2402632001b	13MWZ-Men-32-36	ANTIQUE_WS	32x36	UPC=760609586007	CUSTOM=M-Kon-1013MWZAW-32-36
OK	fba437d7-da7d-433e-bd27-f07b77b9e313	13MWZ-Men-32-38	ANTIQUE_WS	32x38	UPC=760609586014	CUSTOM=M-Kon-1013MWZAW-32-38
OK	7ba0a8e6-5bb0-432e-8643-a4ff6b1b6333	13MWZ-Men-32-40	SW_GLD_BKL	32x40	UPC=672787249486	CUSTOM=M-Kon-1013MWZGK-32-40
ERROR	2cd83636-976c-4f3a-a95d-f0e6a5142a9c	13MWZ-Men-32-44	{'error': 'Product codes must be unique.', 'fields': {'duplicate_product_codes': '051071390767,M-Kon-1013MWZXS-32-44', 'existing_code_CUSTOM': 'M-Kon-1013MWZXS-32-44 already exists.', 'existing_code_C
OK	79e0a7c2-02b1-48ba-856c-3959f9893e3f	13MWZ-Men-33-30	ANTIQUE_WS	33x30	UPC=760609586021	CUSTOM=M-Kon-1013MWZAW-33-30
OK	f81012b8-41dc-4c0d-b487-f93c61213ec7	13MWZ-Men-33-32	ANTIQUE_WS	33x32	UPC=760609586038	CUSTOM=M-Kon-1013MWZAW-33-32
OK	04e1f7ab-fe35-4149-ae19-712d3412b9eb	13MWZ-Men-33-34	ANTIQUE_WS	33x34	UPC=760609586045	CUSTOM=M-Kon-1013MWZAW-33-34
OK	1f282d15-b08c-4af8-b8e3-5fbb1f43706b	13MWZ-Men-33-36	ANTIQUE_WS	33x36	UPC=760609586052	CUSTOM=M-Kon-1013MWZAW-33-36
OK	28851d27-09f8-43b3-9583-bf3c27d8f5ae	13MWZ-Men-33-38	ANTIQUE_WS	33x38	UPC=760609586069	CUSTOM=M-Kon-1013MWZAW-33-38
ERROR	093a9e62-231e-48ac-97a8-6394b36c50b0	13MWZ-Men-33-40	{'error': 'Product codes must be unique.', 'fields': {'duplicate_product_codes': '084084944740,M-Kon-1013MWZPW-33-40', 'existing_code_CUSTOM': 'M-Kon-1013MWZPW-33-40 already exists.', 'existing_code_C
ERROR	def1ba04-f047-47fb-8c50-a7db27da21d8	13MWZ-Men-33-44	{'error': 'Product codes must be unique.', 'fields': {'duplicate_product_codes': '051071390774,M-Kon-1013MWZXS-33-44', 'existing_code_CUSTOM': 'M-Kon-1013MWZXS-33-44 already exists.', 'existing_code_C
OK	730faad7-321a-4fbf-b5a1-e5f3e6b3532b	13MWZ-Men-34-30	ANTIQUE_WS	34x30	UPC=760609586076	CUSTOM=M-Kon-1013MWZAW-34-30
OK	16492383-e777-49be-ac66-ea0d4f1cf911	13MWZ-Men-34-32	ANTIQUE_WS	34x32	UPC=760609586083	CUSTOM=M-Kon-1013MWZAW-34-32
OK	f9196717-0511-43de-954e-3952a446b9e6	13MWZ-Men-34-34	ANTIQUE_WS	34x34	UPC=760609586090	CUSTOM=M-Kon-1013MWZAW-34-34
OK	1f02ca2d-729c-4267-9323-66bcbf5082b8	13MWZ-Men-34-36	ANTIQUE_WS	34x36	UPC=760609586106	CUSTOM=M-Kon-1013MWZAW-34-36
OK	25c198f9-4b9d-4fdd-a2c0-f8f237f65442	13MWZ-Men-34-38	ANTIQUE_WS	34x38	UPC=760609586113	CUSTOM=M-Kon-1013MWZAW-34-38
OK	40fbe01b-9192-4dea-bd22-c74dc2ba5348	13MWZ-Men-34-40	SW_GLD_BKL	34x40	UPC=672787249493	CUSTOM=M-Kon-1013MWZGK-34-40
ERROR	71bf5eca-dca0-43a1-bd41-a3cbfbb839e2	13MWZ-Men-34-44	{'error': 'Product codes must be unique.', 'fields': {'duplicate_product_codes': '051071390781,M-Kon-1013MWZXS-34-44', 'existing_code_CUSTOM': 'M-Kon-1013MWZXS-34-44 already exists.', 'existing_code_C
OK	52bc8ed3-180e-4bbd-b866-1e81640a6420	13MWZ-Men-35-32	ANTIQUE_WS	35x32	UPC=760609586120	CUSTOM=M-Kon-1013MWZAW-35-32
OK	8c874418-05a2-49f4-8061-56520ede3375	13MWZ-Men-35-34	ANTIQUE_WS	35x34	UPC=760609586137	CUSTOM=M-Kon-1013MWZAW-35-34
OK	8ad8f74d-d8aa-4621-bcc0-e2df68ddcb7a	13MWZ-Men-35-36	ANTIQUE_WS	35x36	UPC=760609586144	CUSTOM=M-Kon-1013MWZAW-35-36
OK	7229c0f6-be9f-424f-bf95-a6360c36fba4	13MWZ-Men-36-30	ANTIQUE_WS	36x30	UPC=760609586151	CUSTOM=M-Kon-1013MWZAW-36-30
OK	d9b46d60-6f6f-4829-8f0c-1974eaaa0ffd	13MWZ-Men-36-32	ANTIQUE_WS	36x32	UPC=760609586168	CUSTOM=M-Kon-1013MWZAW-36-32
OK	42facb88-5df2-41ce-8d8a-ed125cb7da31	13MWZ-Men-36-34	ANTIQUE_WS	36x34	UPC=760609586175	CUSTOM=M-Kon-1013MWZAW-36-34
OK	7605c256-8eb0-460a-ab29-ba975a0e4212	13MWZ-Men-36-36	ANTIQUE_WS	36x36	UPC=760609586182	CUSTOM=M-Kon-1013MWZAW-36-36
OK	6774491e-f6d0-4040-9775-c72600bab5bd	13MWZ-Men-36-38	ANTIQUE_WS	36x38	UPC=760609586199	CUSTOM=M-Kon-1013MWZAW-36-38
OK	4b2219a3-25df-4c8f-87bf-dd88a427a810	13MWZ-Men-36-40	SW_GLD_BKL	36x40	UPC=672787249509	CUSTOM=M-Kon-1013MWZGK-36-40
ERROR	12a51290-c53c-4f3f-9a82-9d1743044935	13MWZ-Men-36-44	{'error': 'Product codes must be unique.', 'fields': {'duplicate_product_codes': '051071390798,M-Kon-1013MWZXS-36-44', 'existing_code_CUSTOM': 'M-Kon-1013MWZXS-36-44 already exists.', 'existing_code_C
ERROR	b4774994-0108-4853-86d3-30d383e8ed65	13MWZ-Men-37-30	{'error': 'Product codes must be unique.', 'fields': {'duplicate_product_codes': '051071769068,M-Kon-1013MWZPW-37-30', 'existing_code_CUSTOM': 'M-Kon-1013MWZPW-37-30 already exists.', 'existing_code_C
ERROR	d9325fe7-1280-4ebe-8ea6-b264471cd899	13MWZ-Men-37-32	{'error': 'Product codes must be unique.', 'fields': {'duplicate_product_codes': '051071769075,M-Kon-1013MWZPW-37-32', 'existing_code_CUSTOM': 'M-Kon-1013MWZPW-37-32 already exists.', 'existing_code_C
ERROR	227274ec-f925-4a89-a48b-48f119050c06	13MWZ-Men-37-34	{'error': 'Product codes must be unique.', 'fields': {'duplicate_product_codes': '051071769082,M-Kon-1013MWZPW-37-34', 'existing_code_CUSTOM': 'M-Kon-1013MWZPW-37-34 already exists.', 'existing_code_C
ERROR	dec436b3-d2dc-4c2c-abad-f5fdce47b25f	13MWZ-Men-37-36	{'error': 'Product codes must be unique.', 'fields': {'duplicate_product_codes': '051071769099,M-Kon-1013MWZPW-37-36', 'existing_code_CUSTOM': 'M-Kon-1013MWZPW-37-36 already exists.', 'existing_code_C
ERROR	efbc4ad1-ee0f-45d7-a72e-2e7f4b5d6bf5	13MWZ-Men-37-38	{'error': 'Product codes must be unique.', 'fields': {'duplicate_product_codes': '051071769105,M-Kon-1013MWZPW-37-38', 'existing_code_CUSTOM': 'M-Kon-1013MWZPW-37-38 already exists.', 'existing_code_C
OK	59a0c471-a74d-4ec2-bf60-89b5179e6d2e	13MWZ-Men-38-30	ANTIQUE_WS	38x30	UPC=760609586205	CUSTOM=M-Kon-1013MWZAW-38-30
OK	9e5c841c-f66f-4e6f-964a-b5261d4039f0	13MWZ-Men-38-32	ANTIQUE_WS	38x32	UPC=760609586212	CUSTOM=M-Kon-1013MWZAW-38-32
OK	89d10195-113b-4e4f-a979-8cc517fa0e66	13MWZ-Men-38-34	ANTIQUE_WS	38x34	UPC=760609586229	CUSTOM=M-Kon-1013MWZAW-38-34
OK	31ebeb93-01e1-4e29-8624-d958efbcd73d	13MWZ-Men-38-36	ANTIQUE_WS	38x36	UPC=760609586236	CUSTOM=M-Kon-1013MWZAW-38-36
OK	a731b602-b514-493f-b6b6-604c96909e69	13MWZ-Men-38-38	ANTIQUE_WS	38x38	UPC=760609586243	CUSTOM=M-Kon-1013MWZAW-38-38
OK	9e298139-7fdf-4b59-bb95-ba3de3244d55	13MWZ-Men-38-40	SW_GLD_BKL	38x40	UPC=672787249516	CUSTOM=M-Kon-1013MWZGK-38-40
OK	c7b0cf27-ba8a-44da-8382-1882ca93c32b	13MWZ-Men-40-30	ANTIQUE_WS	40x30	UPC=760609586250	CUSTOM=M-Kon-1013MWZAW-40-30
OK	867d682c-13aa-4ee0-8907-af614cf33854	13MWZ-Men-40-32	ANTIQUE_WS	40x32	UPC=760609586267	CUSTOM=M-Kon-1013MWZAW-40-32
OK	fc1d109c-ef16-4286-b625-af7246b726da	13MWZ-Men-40-34	ANTIQUE_WS	40x34	UPC=760609586274	CUSTOM=M-Kon-1013MWZAW-40-34
OK	8b615d24-4537-42b5-b1d4-370537345ba5	13MWZ-Men-40-36	ANTIQUE_WS	40x36	UPC=760609586281	CUSTOM=M-Kon-1013MWZAW-40-36
OK	529a894c-ff49-4795-bd80-053da8bc9813	13MWZ-Men-40-40	RIGID	40x40	UPC=051071611862	CUSTOM=M-Kon-1013MWZXS-40-40
OK	cb69d309-74df-4a20-8153-bbdbb0c5cd63	13MWZ-Men-42-30	ANTIQUE_WS	42x30	UPC=760609586298	CUSTOM=M-Kon-1013MWZAW-42-30
OK	b75e8669-df1d-464e-a34a-c3e3c81a7ef4	13MWZ-Men-42-32	ANTIQUE_WS	42x32	UPC=760609586304	CUSTOM=M-Kon-1013MWZAW-42-32
OK	ebd26119-5843-460d-a13e-6a8fc618b574	13MWZ-Men-42-34	ANTIQUE_WS	42x34	UPC=760609586311	CUSTOM=M-Kon-1013MWZAW-42-34
ERROR	813bae16-37a9-4f25-8d8d-ce1ad1ed50be	13MWZ-Men-42-40	{'error': 'Product codes must be unique.', 'fields': {'duplicate_product_codes': 'M-KON-1013MWZXS-42-40', 'existing_code_CUSTOM': 'M-KON-1013MWZXS-42-40 already exists.', 'existing_code_CUSTOM_id': 'a
ERROR	25c9ee78-90ab-4e45-81aa-9999d6507b3d	13MWZ-Men-44-30	{'error': 'Product codes must be unique.', 'fields': {'duplicate_product_codes': '084084391988,M-Kon-1013MWZCG-44-30', 'existing_code_CUSTOM': 'M-Kon-1013MWZCG-44-30 already exists.', 'existing_code_C
ERROR	5098b4b9-dbc3-4b21-814c-849d4a5961e3	13MWZ-Men-44-32	{'error': 'Product codes must be unique.', 'fields': {'duplicate_product_codes': '084084391995,M-Kon-1013MWZCG-44-32', 'existing_code_CUSTOM': 'M-Kon-1013MWZCG-44-32 already exists.', 'existing_code_C
OK	73aea7a0-0108-4a23-a7f6-031325992fb5	13MWZ-Men-44-34	SW_GLD_BKL	44x34	UPC=760609356204	CUSTOM=M-Kon-1013MWZGK-44-34
OK	9493d14b-9b31-45bb-80c2-6474bb472096	13MWZ-Men-44-38	RIGID	44x38	UPC=051071611886	CUSTOM=M-Kon-1013MWZXS-44-38
ERROR	29dd487b-16c4-4bee-b583-8d1b2eb85078	13MWZ-Men-46-30	{'error': 'Product codes must be unique.', 'fields': {'duplicate_product_codes': '084084392008,M-Kon-1013MWZCG-46-30', 'existing_code_CUSTOM': 'M-Kon-1013MWZCG-46-30 already exists.', 'existing_code_C
ERROR	030b7577-9ed3-4d54-a63a-593998fa4d9e	13MWZ-Men-46-32	{'error': 'Product codes must be unique.', 'fields': {'duplicate_product_codes': '084084392015,M-Kon-1013MWZCG-46-32', 'existing_code_CUSTOM': 'M-Kon-1013MWZCG-46-32 already exists.', 'existing_code_C
OK	3a5d356a-1551-4dd7-ba3d-bb4ddcc16dfa	13MWZ-Men-46-34	SW_GLD_BKL	46x34	UPC=760609356235	CUSTOM=M-Kon-1013MWZGK-46-34
OK	9e72ba39-6c19-462a-b0bf-fe5a5a10df7e	13MWZ-Men-46-38	RIGID	46x38	UPC=051071611893	CUSTOM=M-Kon-1013MWZXS-46-38
OK	b9f11b10-4d94-4b04-bc16-22e3845476a1	13MWZ-Men-48-30	SW_GLD_BKL	48x30	UPC=760609356242	CUSTOM=M-Kon-1013MWZGK-48-30
OK	0e629fb9-9080-4e8f-a88f-d7a4136bbe6b	13MWZ-Men-48-32	SW_GLD_BKL	48x32	UPC=760609356259	CUSTOM=M-Kon-1013MWZGK-48-32
OK	1ca5f868-809e-4166-a518-5c3b20dcf487	13MWZ-Men-48-34	SW_GLD_BKL	48x34	UPC=760609356266	CUSTOM=M-Kon-1013MWZGK-48-34
OK	de285046-7cc6-4818-80df-7bb746b9eba6	13MWZ-Men-50-30	SW_GLD_BKL	50x30	UPC=760609356273	CUSTOM=M-Kon-1013MWZGK-50-30
OK	21ad3cdc-a3e0-48b8-8603-409c1e0f9760	13MWZ-Men-50-32	SW_GLD_BKL	50x32	UPC=760609356280	CUSTOM=M-Kon-1013MWZGK-50-32
OK	04c74cc3-bf74-4804-bd8a-e46d8ce6dfcd	13MWZ-Men-50-34	SW_GLD_BKL	50x34	UPC=760609356297	CUSTOM=M-Kon-1013MWZGK-50-34
OK	4acea491-b198-4aa3-bb20-5869e61c8bee	13MWZ-Men-52-30	SW_GLD_BKL	52x30	UPC=760609356303	CUSTOM=M-Kon-1013MWZGK-52-30
OK	3b4270a1-c14e-4d36-b4d6-4fc74eecce04	13MWZ-Men-52-32	SW_GLD_BKL	52x32	UPC=760609356310	CUSTOM=M-Kon-1013MWZGK-52-32
OK	490ebf38-f3bc-49dc-90ac-471ada44e796	13MWZ-Men-52-34	SW_GLD_BKL	52x34	UPC=760609356327	CUSTOM=M-Kon-1013MWZGK-52-34
OK	322abb04-d732-4c08-8fe9-d4373c58842c	13MWZ-Men-54-30	SW_GLD_BKL	54x30	UPC=760609356334	CUSTOM=M-Kon-1013MWZGK-54-30
OK	c0641b40-f6fa-4739-8968-cb1cde602527	13MWZ-Men-54-32	SW_GLD_BKL	54x32	UPC=760609356341	CUSTOM=M-Kon-1013MWZGK-54-32
OK	786924cc-0abd-443b-a3b0-0a5aaf930c93	13MWZ-Men-54-34	SW_GLD_BKL	54x34	UPC=760609356358	CUSTOM=M-Kon-1013MWZGK-54-34